<?xml version="1.0" encoding="UTF-8"?>
<testsuite xmlns:xsi="http://www.w3.org/2001/XMLSchema-instance" xsi:noNamespaceSchemaLocation="https://maven.apache.org/surefire/maven-surefire-plugin/xsd/surefire-test-report-3.0.xsd" version="3.0" name="org.acme.GreetingResourceTest" time="13.537" tests="1" errors="1" skipped="0" failures="0">
  <properties>
[...]
</properties>
  <testcase name="testHelloEndpoint" classname="org.acme.GreetingResourceTest" time="0.01">
    <error message="java.lang.RuntimeException: io.quarkus.builder.BuildException: Build failure: Build failed due to errors&#10;	[error]: Build step io.quarkus.datasource.deployment.devservices.DevServicesDatasourceProcessor#launchDatabases threw an exception: java.lang.RuntimeException: java.lang.IllegalStateException: Previous attempts to find a Docker environment failed. Will not retry. Please see logs and check configuration&#10;	at io.quarkus.datasource.deployment.devservices.DevServicesDatasourceProcessor.startDevDb(DevServicesDatasourceProcessor.java:361)&#10;	at io.quarkus.datasource.deployment.devservices.DevServicesDatasourceProcessor.launchDatabases(DevServicesDatasourceProcessor.java:142)&#10;	at java.base/jdk.internal.reflect.DirectMethodHandleAccessor.invoke(DirectMethodHandleAccessor.java:103)&#10;	at java.base/java.lang.reflect.Method.invoke(Method.java:580)&#10;	at io.quarkus.deployment.ExtensionLoader$3.execute(ExtensionLoader.java:849)&#10;	at io.quarkus.builder.BuildContext.run(BuildContext.java:256)&#10;	at org.jboss.threads.ContextHandler$1.runWith(ContextHandler.java:18)&#10;	at org.jboss.threads.EnhancedQueueExecutor$Task.run(EnhancedQueueExecutor.java:2513)&#10;	at org.jboss.threads.EnhancedQueueExecutor$ThreadBody.run(EnhancedQueueExecutor.java:1538)&#10;	at java.base/java.lang.Thread.run(Thread.java:1583)&#10;	at org.jboss.threads.JBossThread.run(JBossThread.java:501)&#10;Caused by: java.lang.IllegalStateException: Previous attempts to find a Docker environment failed. Will not retry. Please see logs and check configuration&#10;	at org.testcontainers.dockerclient.DockerClientProviderStrategy.getFirstValidStrategy(DockerClientProviderStrategy.java:232)&#10;	at org.testcontainers.DockerClientFactory.getOrInitializeStrategy(DockerClientFactory.java:152)&#10;	at org.testcontainers.DockerClientFactory.client(DockerClientFactory.java:194)&#10;	at org.testcontainers.DockerClientFactory$1.getDockerClient(DockerClientFactory.java:106)&#10;	at com.github.dockerjava.api.DockerClientDelegate.authConfig(DockerClientDelegate.java:109)&#10;	at org.testcontainers.containers.GenericContainer.start(GenericContainer.java:329)&#10;	at io.quarkus.devservices.oracle.deployment.OracleDevServicesProcessor$1.startDatabase(OracleDevServicesProcessor.java:78)&#10;	at io.quarkus.datasource.deployment.devservices.DevServicesDatasourceProcessor.startDevDb(DevServicesDatasourceProcessor.java:289)&#10;	... 10 more&#10;" type="java.lang.RuntimeException"><![CDATA[java.lang.RuntimeException: 
java.lang.RuntimeException: io.quarkus.builder.BuildException: Build failure: Build failed due to errors
	[error]: Build step io.quarkus.datasource.deployment.devservices.DevServicesDatasourceProcessor#launchDatabases threw an exception: java.lang.RuntimeException: java.lang.IllegalStateException: Previous attempts to find a Docker environment failed. Will not retry. Please see logs and check configuration
	at io.quarkus.datasource.deployment.devservices.DevServicesDatasourceProcessor.startDevDb(DevServicesDatasourceProcessor.java:361)
	at io.quarkus.datasource.deployment.devservices.DevServicesDatasourceProcessor.launchDatabases(DevServicesDatasourceProcessor.java:142)
	at java.base/jdk.internal.reflect.DirectMethodHandleAccessor.invoke(DirectMethodHandleAccessor.java:103)
	at java.base/java.lang.reflect.Method.invoke(Method.java:580)
	at io.quarkus.deployment.ExtensionLoader$3.execute(ExtensionLoader.java:849)
	at io.quarkus.builder.BuildContext.run(BuildContext.java:256)
	at org.jboss.threads.ContextHandler$1.runWith(ContextHandler.java:18)
	at org.jboss.threads.EnhancedQueueExecutor$Task.run(EnhancedQueueExecutor.java:2513)
	at org.jboss.threads.EnhancedQueueExecutor$ThreadBody.run(EnhancedQueueExecutor.java:1538)
	at java.base/java.lang.Thread.run(Thread.java:1583)
	at org.jboss.threads.JBossThread.run(JBossThread.java:501)
Caused by: java.lang.IllegalStateException: Previous attempts to find a Docker environment failed. Will not retry. Please see logs and check configuration
	at org.testcontainers.dockerclient.DockerClientProviderStrategy.getFirstValidStrategy(DockerClientProviderStrategy.java:232)
	at org.testcontainers.DockerClientFactory.getOrInitializeStrategy(DockerClientFactory.java:152)
	at org.testcontainers.DockerClientFactory.client(DockerClientFactory.java:194)
	at org.testcontainers.DockerClientFactory$1.getDockerClient(DockerClientFactory.java:106)
	at com.github.dockerjava.api.DockerClientDelegate.authConfig(DockerClientDelegate.java:109)
	at org.testcontainers.containers.GenericContainer.start(GenericContainer.java:329)
	at io.quarkus.devservices.oracle.deployment.OracleDevServicesProcessor$1.startDatabase(OracleDevServicesProcessor.java:78)
	at io.quarkus.datasource.deployment.devservices.DevServicesDatasourceProcessor.startDevDb(DevServicesDatasourceProcessor.java:289)
	... 10 more

	at io.quarkus.test.junit.QuarkusTestExtension.throwBootFailureException(QuarkusTestExtension.java:638)
	at io.quarkus.test.junit.QuarkusTestExtension.interceptTestClassConstructor(QuarkusTestExtension.java:722)
	at java.base/java.util.Optional.orElseGet(Optional.java:364)
	at java.base/java.util.ArrayList.forEach(ArrayList.java:1596)
	at java.base/java.util.ArrayList.forEach(ArrayList.java:1596)
Caused by: java.lang.RuntimeException: io.quarkus.builder.BuildException: Build failure: Build failed due to errors
	[error]: Build step io.quarkus.datasource.deployment.devservices.DevServicesDatasourceProcessor#launchDatabases threw an exception: java.lang.RuntimeException: java.lang.IllegalStateException: Previous attempts to find a Docker environment failed. Will not retry. Please see logs and check configuration
	at io.quarkus.datasource.deployment.devservices.DevServicesDatasourceProcessor.startDevDb(DevServicesDatasourceProcessor.java:361)
	at io.quarkus.datasource.deployment.devservices.DevServicesDatasourceProcessor.launchDatabases(DevServicesDatasourceProcessor.java:142)
	at java.base/jdk.internal.reflect.DirectMethodHandleAccessor.invoke(DirectMethodHandleAccessor.java:103)
	at java.base/java.lang.reflect.Method.invoke(Method.java:580)
	at io.quarkus.deployment.ExtensionLoader$3.execute(ExtensionLoader.java:849)
	at io.quarkus.builder.BuildContext.run(BuildContext.java:256)
	at org.jboss.threads.ContextHandler$1.runWith(ContextHandler.java:18)
	at org.jboss.threads.EnhancedQueueExecutor$Task.run(EnhancedQueueExecutor.java:2513)
	at org.jboss.threads.EnhancedQueueExecutor$ThreadBody.run(EnhancedQueueExecutor.java:1538)
	at java.base/java.lang.Thread.run(Thread.java:1583)
	at org.jboss.threads.JBossThread.run(JBossThread.java:501)
Caused by: java.lang.IllegalStateException: Previous attempts to find a Docker environment failed. Will not retry. Please see logs and check configuration
	at org.testcontainers.dockerclient.DockerClientProviderStrategy.getFirstValidStrategy(DockerClientProviderStrategy.java:232)
	at org.testcontainers.DockerClientFactory.getOrInitializeStrategy(DockerClientFactory.java:152)
	at org.testcontainers.DockerClientFactory.client(DockerClientFactory.java:194)
	at org.testcontainers.DockerClientFactory$1.getDockerClient(DockerClientFactory.java:106)
	at com.github.dockerjava.api.DockerClientDelegate.authConfig(DockerClientDelegate.java:109)
	at org.testcontainers.containers.GenericContainer.start(GenericContainer.java:329)
	at io.quarkus.devservices.oracle.deployment.OracleDevServicesProcessor$1.startDatabase(OracleDevServicesProcessor.java:78)
	at io.quarkus.datasource.deployment.devservices.DevServicesDatasourceProcessor.startDevDb(DevServicesDatasourceProcessor.java:289)
	... 10 more

	at io.quarkus.runner.bootstrap.AugmentActionImpl.runAugment(AugmentActionImpl.java:334)
	at io.quarkus.runner.bootstrap.AugmentActionImpl.createInitialRuntimeApplication(AugmentActionImpl.java:251)
	at io.quarkus.runner.bootstrap.AugmentActionImpl.createInitialRuntimeApplication(AugmentActionImpl.java:60)
	at io.quarkus.test.junit.QuarkusTestExtension.doJavaStart(QuarkusTestExtension.java:224)
	at io.quarkus.test.junit.QuarkusTestExtension.ensureStarted(QuarkusTestExtension.java:605)
	at io.quarkus.test.junit.QuarkusTestExtension.beforeAll(QuarkusTestExtension.java:655)
	... 1 more
Caused by: io.quarkus.builder.BuildException: Build failure: Build failed due to errors
	[error]: Build step io.quarkus.datasource.deployment.devservices.DevServicesDatasourceProcessor#launchDatabases threw an exception: java.lang.RuntimeException: java.lang.IllegalStateException: Previous attempts to find a Docker environment failed. Will not retry. Please see logs and check configuration
	at io.quarkus.datasource.deployment.devservices.DevServicesDatasourceProcessor.startDevDb(DevServicesDatasourceProcessor.java:361)
	at io.quarkus.datasource.deployment.devservices.DevServicesDatasourceProcessor.launchDatabases(DevServicesDatasourceProcessor.java:142)
	at java.base/jdk.internal.reflect.DirectMethodHandleAccessor.invoke(DirectMethodHandleAccessor.java:103)
	at java.base/java.lang.reflect.Method.invoke(Method.java:580)
	at io.quarkus.deployment.ExtensionLoader$3.execute(ExtensionLoader.java:849)
	at io.quarkus.builder.BuildContext.run(BuildContext.java:256)
	at org.jboss.threads.ContextHandler$1.runWith(ContextHandler.java:18)
	at org.jboss.threads.EnhancedQueueExecutor$Task.run(EnhancedQueueExecutor.java:2513)
	at org.jboss.threads.EnhancedQueueExecutor$ThreadBody.run(EnhancedQueueExecutor.java:1538)
	at java.base/java.lang.Thread.run(Thread.java:1583)
	at org.jboss.threads.JBossThread.run(JBossThread.java:501)
Caused by: java.lang.IllegalStateException: Previous attempts to find a Docker environment failed. Will not retry. Please see logs and check configuration
	at org.testcontainers.dockerclient.DockerClientProviderStrategy.getFirstValidStrategy(DockerClientProviderStrategy.java:232)
	at org.testcontainers.DockerClientFactory.getOrInitializeStrategy(DockerClientFactory.java:152)
	at org.testcontainers.DockerClientFactory.client(DockerClientFactory.java:194)
	at org.testcontainers.DockerClientFactory$1.getDockerClient(DockerClientFactory.java:106)
	at com.github.dockerjava.api.DockerClientDelegate.authConfig(DockerClientDelegate.java:109)
	at org.testcontainers.containers.GenericContainer.start(GenericContainer.java:329)
	at io.quarkus.devservices.oracle.deployment.OracleDevServicesProcessor$1.startDatabase(OracleDevServicesProcessor.java:78)
	at io.quarkus.datasource.deployment.devservices.DevServicesDatasourceProcessor.startDevDb(DevServicesDatasourceProcessor.java:289)
	... 10 more

	at io.quarkus.builder.Execution.run(Execution.java:123)
	at io.quarkus.builder.BuildExecutionBuilder.execute(BuildExecutionBuilder.java:79)
	at io.quarkus.deployment.QuarkusAugmentor.run(QuarkusAugmentor.java:160)
	at io.quarkus.runner.bootstrap.AugmentActionImpl.runAugment(AugmentActionImpl.java:330)
	... 6 more
Caused by: java.lang.RuntimeException: java.lang.IllegalStateException: Previous attempts to find a Docker environment failed. Will not retry. Please see logs and check configuration
	at io.quarkus.datasource.deployment.devservices.DevServicesDatasourceProcessor.startDevDb(DevServicesDatasourceProcessor.java:361)
	at io.quarkus.datasource.deployment.devservices.DevServicesDatasourceProcessor.launchDatabases(DevServicesDatasourceProcessor.java:142)
	at java.base/java.lang.reflect.Method.invoke(Method.java:580)
	at io.quarkus.deployment.ExtensionLoader$3.execute(ExtensionLoader.java:849)
	at io.quarkus.builder.BuildContext.run(BuildContext.java:256)
	at org.jboss.threads.ContextHandler$1.runWith(ContextHandler.java:18)
	at org.jboss.threads.EnhancedQueueExecutor$Task.run(EnhancedQueueExecutor.java:2513)
	at org.jboss.threads.EnhancedQueueExecutor$ThreadBody.run(EnhancedQueueExecutor.java:1538)
	at java.base/java.lang.Thread.run(Thread.java:1583)
	at org.jboss.threads.JBossThread.run(JBossThread.java:501)
Caused by: java.lang.IllegalStateException: Previous attempts to find a Docker environment failed. Will not retry. Please see logs and check configuration
	at org.testcontainers.dockerclient.DockerClientProviderStrategy.getFirstValidStrategy(DockerClientProviderStrategy.java:232)
	at org.testcontainers.DockerClientFactory.getOrInitializeStrategy(DockerClientFactory.java:152)
	at org.testcontainers.DockerClientFactory.client(DockerClientFactory.java:194)
	at org.testcontainers.DockerClientFactory$1.getDockerClient(DockerClientFactory.java:106)
	at com.github.dockerjava.api.DockerClientDelegate.authConfig(DockerClientDelegate.java:109)
	at org.testcontainers.containers.GenericContainer.start(GenericContainer.java:329)
	at io.quarkus.devservices.oracle.deployment.OracleDevServicesProcessor$1.startDatabase(OracleDevServicesProcessor.java:78)
	at io.quarkus.datasource.deployment.devservices.DevServicesDatasourceProcessor.startDevDb(DevServicesDatasourceProcessor.java:289)
	... 9 more
]]></error>
    <system-out><![CDATA[2024-03-19 11:49:30,245 INFO  [org.tes.doc.DockerClientProviderStrategy] (build-129) Loaded org.testcontainers.dockerclient.UnixSocketClientProviderStrategy from ~/.testcontainers.properties, will try it first
2024-03-19 11:49:30,752 WARN  [org.tes.doc.DockerClientProviderStrategy] (build-129) DOCKER_HOST unix:///var/run/docker.sock is not listening
2024-03-19 11:49:30,757 WARN  [org.tes.doc.DockerClientProviderStrategy] (build-129) DOCKER_HOST unix:///Users/aurelioaragones/.docker/run/docker.sock is not listening
2024-03-19 11:49:30,762 INFO  [org.tes.doc.DockerMachineClientProviderStrategy] (build-129) docker-machine executable was not found on PATH ([/Users/aurelioaragones/.sdkman/candidates/java/current/bin, /Users/aurelioaragones/bin, /usr/local/bin, /opt/homebrew/bin, /usr/local/bin, /usr/bin, /bin, /usr/sbin, /sbin])
2024-03-19 11:49:30,763 ERROR [org.tes.doc.DockerClientProviderStrategy] (build-129) Could not find a valid Docker environment. Please check configuration. Attempted configurations were:
As no valid configuration was found, execution cannot continue.
See https://java.testcontainers.org/on_failure.html for more details.
2024-03-19 11:49:31,397 WARN  [io.qua.dep.uti.ContainerRuntimeUtil] (build-129) Command "docker info" exited with error code 1. Rootless container runtime detection might not be reliable or the container service is not running at all.
2024-03-19 11:49:31,420 INFO  [org.tes.ima.PullPolicy] (build-129) Image pull policy will be performed by: DefaultPullPolicy()
2024-03-19 11:49:31,422 INFO  [org.tes.uti.ImageNameSubstitutor] (build-129) Image name substitution will be performed by: DefaultImageNameSubstitutor (composite of 'ConfigurationFileImageNameSubstitutor' and 'PrefixingImageNameSubstitutor')
]]></system-out>
  </testcase>
</testsuite>